c:\users\miste\downloads\autocadsdk2\cdrom1\samples\editor\simpletoolpalette_dg\asdksimp.91b1c253\x64\debug\asdksimpletoolpalette.pdb
c:\users\miste\downloads\autocadsdk2\cdrom1\samples\editor\simpletoolpalette_dg\asdksimp.91b1c253\x64\debug\stdafx.obj
c:\users\miste\downloads\autocadsdk2\cdrom1\samples\editor\simpletoolpalette_dg\asdksimp.91b1c253\x64\debug\simpletoolpalette.obj
c:\users\miste\downloads\autocadsdk2\cdrom1\samples\editor\simpletoolpalette_dg\asdksimp.91b1c253\x64\debug\simpletool.obj
c:\users\miste\downloads\autocadsdk2\cdrom1\samples\editor\simpletoolpalette_dg\asdksimp.91b1c253\x64\debug\acrxentrypoint.obj
c:\users\miste\downloads\autocad sdk\cdrom1\samples\editor\simpletoolpalette_dg\asdksimp.91b1c253\x64\debug\vc143.pdb
c:\users\miste\downloads\autocad sdk\cdrom1\samples\editor\simpletoolpalette_dg\asdksimp.91b1c253\x64\debug\stdafx.obj
c:\users\miste\downloads\autocadsdk2\cdrom1\samples\editor\simpletoolpalette_dg\x64\debug\asdksimpletoolpalette.arx
c:\users\miste\downloads\autocadsdk2\cdrom1\samples\editor\simpletoolpalette_dg\x64\debug\asdksimpletoolpalette.pdb
c:\users\miste\downloads\autocad sdk\cdrom1\samples\editor\simpletoolpalette_dg\x64\debug\asdksimpletoolpalette.tlb
c:\users\miste\downloads\autocad sdk\cdrom1\samples\editor\simpletoolpalette_dg\asdksimp.91b1c253\x64\debug\simpletoolpalette_p.c
c:\users\miste\downloads\autocad sdk\cdrom1\samples\editor\simpletoolpalette_dg\asdksimp.91b1c253\x64\debug\simpletoolpalette_i.c
c:\users\miste\downloads\autocad sdk\cdrom1\samples\editor\simpletoolpalette_dg\asdksimp.91b1c253\x64\debug\simpletoolpalette_i.h
c:\users\miste\downloads\autocadsdk2\cdrom1\samples\editor\simpletoolpalette_dg\asdksimp.91b1c253\x64\debug\simpletoolpalette.res
c:\users\miste\downloads\autocadsdk2\cdrom1\samples\editor\simpletoolpalette_dg\asdksimp.91b1c253\x64\debug\asdksimpletoolpalette.lib
c:\users\miste\downloads\autocadsdk2\cdrom1\samples\editor\simpletoolpalette_dg\asdksimp.91b1c253\x64\debug\asdksimpletoolpalette.exp
c:\users\miste\downloads\autocad sdk\cdrom1\samples\editor\simpletoolpalette_dg\asdksimp.91b1c253\x64\debug\msxml6.tli
c:\users\miste\downloads\autocad sdk\cdrom1\samples\editor\simpletoolpalette_dg\asdksimp.91b1c253\x64\debug\msxml6.tlh
c:\users\miste\downloads\autocad sdk\cdrom1\samples\editor\simpletoolpalette_dg\asdksimp.91b1c253\x64\debug\asdksimp.91b1c253.tlog\cl.command.1.tlog
c:\users\miste\downloads\autocad sdk\cdrom1\samples\editor\simpletoolpalette_dg\asdksimp.91b1c253\x64\debug\asdksimp.91b1c253.tlog\cl.items.tlog
c:\users\miste\downloads\autocad sdk\cdrom1\samples\editor\simpletoolpalette_dg\asdksimp.91b1c253\x64\debug\asdksimp.91b1c253.tlog\cl.read.1.tlog
c:\users\miste\downloads\autocad sdk\cdrom1\samples\editor\simpletoolpalette_dg\asdksimp.91b1c253\x64\debug\asdksimp.91b1c253.tlog\cl.write.1.tlog
c:\users\miste\downloads\autocad sdk\cdrom1\samples\editor\simpletoolpalette_dg\asdksimp.91b1c253\x64\debug\asdksimp.91b1c253.tlog\link.command.1.tlog
c:\users\miste\downloads\autocad sdk\cdrom1\samples\editor\simpletoolpalette_dg\asdksimp.91b1c253\x64\debug\asdksimp.91b1c253.tlog\link.read.1.tlog
c:\users\miste\downloads\autocad sdk\cdrom1\samples\editor\simpletoolpalette_dg\asdksimp.91b1c253\x64\debug\asdksimp.91b1c253.tlog\link.secondary.1.tlog
c:\users\miste\downloads\autocad sdk\cdrom1\samples\editor\simpletoolpalette_dg\asdksimp.91b1c253\x64\debug\asdksimp.91b1c253.tlog\link.write.1.tlog
c:\users\miste\downloads\autocad sdk\cdrom1\samples\editor\simpletoolpalette_dg\asdksimp.91b1c253\x64\debug\asdksimp.91b1c253.tlog\midl.command.1.tlog
c:\users\miste\downloads\autocad sdk\cdrom1\samples\editor\simpletoolpalette_dg\asdksimp.91b1c253\x64\debug\asdksimp.91b1c253.tlog\midl.read.1.tlog
c:\users\miste\downloads\autocad sdk\cdrom1\samples\editor\simpletoolpalette_dg\asdksimp.91b1c253\x64\debug\asdksimp.91b1c253.tlog\midl.write.1.tlog
c:\users\miste\downloads\autocad sdk\cdrom1\samples\editor\simpletoolpalette_dg\asdksimp.91b1c253\x64\debug\asdksimp.91b1c253.tlog\rc.command.1.tlog
c:\users\miste\downloads\autocad sdk\cdrom1\samples\editor\simpletoolpalette_dg\asdksimp.91b1c253\x64\debug\asdksimp.91b1c253.tlog\rc.read.1.tlog
c:\users\miste\downloads\autocad sdk\cdrom1\samples\editor\simpletoolpalette_dg\asdksimp.91b1c253\x64\debug\asdksimp.91b1c253.tlog\rc.write.1.tlog
