c:\users\miste\downloads\autocadsdk2\cdrom1\samples\editor\simpletoolpalette_dg\asdksimp.91b1c253\x64\release\asdksimpletoolpalette.pdb
c:\users\miste\downloads\autocadsdk2\cdrom1\samples\editor\simpletoolpalette_dg\asdksimp.91b1c253\x64\release\stdafx.obj
c:\users\miste\downloads\autocadsdk2\cdrom1\samples\editor\simpletoolpalette_dg\asdksimp.91b1c253\x64\release\simpletoolpalette.obj
c:\users\miste\downloads\autocadsdk2\cdrom1\samples\editor\simpletoolpalette_dg\asdksimp.91b1c253\x64\release\simpletool.obj
c:\users\miste\downloads\autocadsdk2\cdrom1\samples\editor\simpletoolpalette_dg\asdksimp.91b1c253\x64\release\acrxentrypoint.obj
c:\autodesk\asdksimpletoolpalette.arx
c:\autodesk\asdksimpletoolpalette.pdb
c:\autodesk\asdksimpletoolpalette.tlb
c:\users\miste\downloads\autocadsdk2\cdrom1\samples\editor\simpletoolpalette_dg\asdksimp.91b1c253\x64\release\simpletoolpalette_p.c
c:\users\miste\downloads\autocadsdk2\cdrom1\samples\editor\simpletoolpalette_dg\asdksimp.91b1c253\x64\release\simpletoolpalette_i.c
c:\users\miste\downloads\autocadsdk2\cdrom1\samples\editor\simpletoolpalette_dg\asdksimp.91b1c253\x64\release\simpletoolpalette_i.h
c:\users\miste\downloads\autocadsdk2\cdrom1\samples\editor\simpletoolpalette_dg\asdksimp.91b1c253\x64\release\simpletoolpalette.res
c:\users\miste\downloads\autocadsdk2\cdrom1\samples\editor\simpletoolpalette_dg\asdksimp.91b1c253\x64\release\asdksimpletoolpalette.lib
c:\users\miste\downloads\autocadsdk2\cdrom1\samples\editor\simpletoolpalette_dg\asdksimp.91b1c253\x64\release\asdksimpletoolpalette.exp
c:\users\miste\downloads\autocadsdk2\cdrom1\samples\editor\simpletoolpalette_dg\asdksimp.91b1c253\x64\release\asdksimpletoolpalette.iobj
c:\users\miste\downloads\autocadsdk2\cdrom1\samples\editor\simpletoolpalette_dg\asdksimp.91b1c253\x64\release\msxml6.tli
c:\users\miste\downloads\autocadsdk2\cdrom1\samples\editor\simpletoolpalette_dg\asdksimp.91b1c253\x64\release\msxml6.tlh
c:\users\miste\downloads\autocadsdk2\cdrom1\samples\editor\simpletoolpalette_dg\asdksimp.91b1c253\x64\release\asdksimp.91b1c253.tlog\cl.command.1.tlog
c:\users\miste\downloads\autocadsdk2\cdrom1\samples\editor\simpletoolpalette_dg\asdksimp.91b1c253\x64\release\asdksimp.91b1c253.tlog\cl.items.tlog
c:\users\miste\downloads\autocadsdk2\cdrom1\samples\editor\simpletoolpalette_dg\asdksimp.91b1c253\x64\release\asdksimp.91b1c253.tlog\cl.read.1.tlog
c:\users\miste\downloads\autocadsdk2\cdrom1\samples\editor\simpletoolpalette_dg\asdksimp.91b1c253\x64\release\asdksimp.91b1c253.tlog\cl.write.1.tlog
c:\users\miste\downloads\autocadsdk2\cdrom1\samples\editor\simpletoolpalette_dg\asdksimp.91b1c253\x64\release\asdksimp.91b1c253.tlog\link.command.1.tlog
c:\users\miste\downloads\autocadsdk2\cdrom1\samples\editor\simpletoolpalette_dg\asdksimp.91b1c253\x64\release\asdksimp.91b1c253.tlog\link.read.1.tlog
c:\users\miste\downloads\autocadsdk2\cdrom1\samples\editor\simpletoolpalette_dg\asdksimp.91b1c253\x64\release\asdksimp.91b1c253.tlog\link.secondary.1.tlog
c:\users\miste\downloads\autocadsdk2\cdrom1\samples\editor\simpletoolpalette_dg\asdksimp.91b1c253\x64\release\asdksimp.91b1c253.tlog\link.write.1.tlog
c:\users\miste\downloads\autocadsdk2\cdrom1\samples\editor\simpletoolpalette_dg\asdksimp.91b1c253\x64\release\asdksimp.91b1c253.tlog\midl.command.1.tlog
c:\users\miste\downloads\autocadsdk2\cdrom1\samples\editor\simpletoolpalette_dg\asdksimp.91b1c253\x64\release\asdksimp.91b1c253.tlog\midl.read.1.tlog
c:\users\miste\downloads\autocadsdk2\cdrom1\samples\editor\simpletoolpalette_dg\asdksimp.91b1c253\x64\release\asdksimp.91b1c253.tlog\midl.write.1.tlog
c:\users\miste\downloads\autocadsdk2\cdrom1\samples\editor\simpletoolpalette_dg\asdksimp.91b1c253\x64\release\asdksimp.91b1c253.tlog\rc.command.1.tlog
c:\users\miste\downloads\autocadsdk2\cdrom1\samples\editor\simpletoolpalette_dg\asdksimp.91b1c253\x64\release\asdksimp.91b1c253.tlog\rc.read.1.tlog
c:\users\miste\downloads\autocadsdk2\cdrom1\samples\editor\simpletoolpalette_dg\asdksimp.91b1c253\x64\release\asdksimp.91b1c253.tlog\rc.write.1.tlog
